0 silly input [ 'test' ]
1 silly flags { _: [ 'run' ],
1 silly flags   'reject-cycles': false,
1 silly flags   rejectCycles: false,
1 silly flags   script: 'test',
1 silly flags   args: [] }
2 verbose rootPath /Users/global/Programming/benzed-mono
3 info version 2.11.0
4 silly existsSync /Users/global/Programming/benzed-mono/VERSION
5 info versioning independent
6 silly initialize attempt
7 warn ECYCLE Encountered a cycle in the dependency graph.This may cause instability! Packages in cycle are: "@benzed/app", "@benzed/array", "@benzed/async", "@benzed/dev", "@benzed/immutable", "@benzed/math", "@benzed/react", "@benzed/schema", "@benzed/string"
8 silly packages [ '@benzed/dev' ]
9 silly initialize success
10 silly execute attempt
11 silly runScriptInDir test [] dev
12 silly getExecOpts { cwd: '/Users/global/Programming/benzed-mono/packages/dev' }
13 silly runScriptInDir test [] array
14 silly getExecOpts { cwd: '/Users/global/Programming/benzed-mono/packages/array' }
15 silly runScriptInDir test [] async
16 silly getExecOpts { cwd: '/Users/global/Programming/benzed-mono/packages/async' }
17 silly runScriptInDir test [] math
18 silly getExecOpts { cwd: '/Users/global/Programming/benzed-mono/packages/math' }
19 silly runScriptInDir test [] string
20 silly getExecOpts { cwd: '/Users/global/Programming/benzed-mono/packages/string' }
21 silly runScriptInDir test [] immutable
22 silly getExecOpts { cwd: '/Users/global/Programming/benzed-mono/packages/immutable' }
23 silly runScriptInDir test [] app
24 silly getExecOpts { cwd: '/Users/global/Programming/benzed-mono/packages/app' }
25 silly runScriptInDir test [] react
26 silly getExecOpts { cwd: '/Users/global/Programming/benzed-mono/packages/react' }
27 silly runScriptInDir test [] schema
28 silly getExecOpts { cwd: '/Users/global/Programming/benzed-mono/packages/schema' }
29 error test Errored while running script in '@benzed/schema'
30 error execute callback with error
31 error Error: Command failed: npm run test
31 error npm ERR! code ELIFECYCLE
31 error npm ERR! errno 1
31 error npm ERR! @benzed/schema@0.2.0 test: `mocha --opts .mocha.opts`
31 error npm ERR! Exit status 1
31 error npm ERR!
31 error npm ERR! Failed at the @benzed/schema@0.2.0 test script.
31 error npm ERR! This is probably not a problem with npm. There is likely additional logging output above.
31 error
31 error npm ERR! A complete log of this run can be found in:
31 error npm ERR!     /Users/global/.npm/_logs/2018-04-30T19_53_21_173Z-debug.log
31 error
31 error > @benzed/schema@0.2.0 test /Users/global/Programming/benzed-mono/packages/schema
31 error > mocha --opts .mocha.opts
31 error
31 error [3J[H[2J[3J
31 error
31 error   type()
31 error     Number
31 error       âœ“ returns error if value can not be casted to type
31 error       casts to type if possible
31 error         âœ“ 123 >> 123
31 error     Boolean
31 error       1) returns error if value can not be casted to type
31 error
31 error
31 error   2 passing (37ms)
31 error   1 failing
31 error
31 error   1) type()
31 error        Boolean
31 error          returns error if value can not be casted to type:
31 error      AssertionError: expected undefined to be an instance of Error
31 error       at Context.it (src/validators/type.test.js:35:9)
31 error
31 error
31 error
31 error
31 error     at Promise.all.then.arr (/Users/global/Programming/benzed-mono/node_modules/execa/index.js:236:11)
31 error     at <anonymous>
